{"nbformat":4,"nbformat_minor":0,"metadata":{"colab":{"provenance":[],"gpuType":"T4","authorship_tag":"ABX9TyNLKOLAazuTt+2WEshsdZwX"},"kernelspec":{"name":"python3","display_name":"Python 3"},"language_info":{"name":"python"},"accelerator":"GPU"},"cells":[{"cell_type":"code","source":["import os\n","import numpy as np\n","import pretty_midi\n","import glob\n","from sklearn.model_selection import train_test_split\n","from keras.models import Sequential\n","from keras.layers import LSTM, Dense, Embedding, Dropout, Bidirectional\n","from keras.callbacks import EarlyStopping\n","from keras.utils import to_categorical\n","\n","midi_dir = '/content/drive/My Drive/musicGenerator/giantmidi-piano-unzipped-midi-v1.21-clean'\n","midi_files = glob.glob(os.path.join(midi_dir, '*.mid'))\n","\n","def midi_to_notes(midi_file):\n","    try:\n","        midi = pretty_midi.PrettyMIDI(midi_file)\n","        notes = []\n","        for instrument in midi.instruments:\n","            if not instrument.is_drum:\n","                notes += [(note.pitch, round(note.end - note.start, 2)) for note in instrument.notes]\n","        return notes\n","    except Exception as e:\n","        print(f\"Skipping {midi_file}: {e}\")\n","        return []\n","\n","def transpose_notes(notes, shift):\n","    return [(pitch + shift, duration) for (pitch, duration) in notes if 0 <= pitch + shift <= 127]\n","\n","all_notes = []\n","for midi_path in midi_files:\n","    original = midi_to_notes(midi_path)\n","    all_notes += original\n","    for shift in [-2, -1, 1, 2]:\n","        all_notes += transpose_notes(original, shift)\n","\n","print(f\"âœ… Total notes collected: {len(all_notes)}\")\n","\n","sequence_length = 50\n","note_vocab = sorted(set(all_notes))\n","note_to_int = {note: i for i, note in enumerate(note_vocab)}\n","int_to_note = {i: note for note, i in note_to_int.items()}\n","vocab_size = len(note_vocab)\n","\n","encoded_notes = [note_to_int[n] for n in all_notes]\n","\n","X, y = [], []\n","for i in range(len(encoded_notes) - sequence_length):\n","    X.append(encoded_notes[i:i + sequence_length])\n","    y.append(encoded_notes[i + sequence_length])\n","\n","X = np.array(X)\n","y = np.array(y)\n","\n","X_train, X_val, y_train, y_val = train_test_split(X, y, test_size=0.1, random_state=42)\n","\n","model = Sequential()\n","model.add(Embedding(input_dim=vocab_size, output_dim=100, input_length=sequence_length))\n","model.add(Bidirectional(LSTM(256, return_sequences=True)))\n","model.add(Dropout(0.3))\n","model.add(LSTM(256))\n","model.add(Dropout(0.3))\n","model.add(Dense(vocab_size, activation='softmax'))\n","\n","model.compile(loss='sparse_categorical_crossentropy', optimizer='adam', metrics=['accuracy'])\n","model.summary()\n","\n","early_stop = EarlyStopping(monitor='val_loss', patience=5, restore_best_weights=True)\n","model.fit(X_train, y_train, validation_data=(X_val, y_val), epochs=100, batch_size=128, callbacks=[early_stop])\n","\n","model.save(\"music_lstm_model_v2.h5\")\n"],"metadata":{"id":"90umUDMHGppu","colab":{"base_uri":"https://localhost:8080/","height":1000},"executionInfo":{"status":"error","timestamp":1753678901144,"user_tz":240,"elapsed":6344,"user":{"displayName":"Aarush Kumar","userId":"16118659533235147067"}},"outputId":"566b3ad2-e5da-43cb-e6a7-3063fa4390d7"},"execution_count":null,"outputs":[{"output_type":"stream","name":"stderr","text":["ERROR:root:Internal Python error in the inspect module.\n","Below is the traceback from this internal error.\n","\n"]},{"output_type":"stream","name":"stdout","text":["Traceback (most recent call last):\n","  File \"/usr/local/lib/python3.11/dist-packages/IPython/core/interactiveshell.py\", line 3553, in run_code\n","    exec(code_obj, self.user_global_ns, self.user_ns)\n","  File \"/tmp/ipython-input-1-705126364.py\", line 34, in <cell line: 0>\n","    original = midi_to_notes(midi_path)\n","               ^^^^^^^^^^^^^^^^^^^^^^^^\n","  File \"/tmp/ipython-input-1-705126364.py\", line 18, in midi_to_notes\n","    midi = pretty_midi.PrettyMIDI(midi_file)\n","           ^^^^^^^^^^^^^^^^^^^^^^^^^^^^^^^^^\n","  File \"/usr/local/lib/python3.11/dist-packages/pretty_midi/pretty_midi.py\", line 63, in __init__\n","    midi_data = mido.MidiFile(filename=midi_file)\n","                ^^^^^^^^^^^^^^^^^^^^^^^^^^^^^^^^^\n","  File \"/usr/local/lib/python3.11/dist-packages/mido/midifiles/midifiles.py\", line 320, in __init__\n","    self._load(file)\n","  File \"/usr/local/lib/python3.11/dist-packages/mido/midifiles/midifiles.py\", line 371, in _load\n","    self.tracks.append(read_track(infile,\n","                       ^^^^^^^^^^^^^^^^^^\n","  File \"/usr/local/lib/python3.11/dist-packages/mido/midifiles/midifiles.py\", line 218, in read_track\n","    msg = read_message(infile, status_byte, peek_data, delta, clip)\n","          ^^^^^^^^^^^^^^^^^^^^^^^^^^^^^^^^^^^^^^^^^^^^^^^^^^^^^^^^^\n","  File \"/usr/local/lib/python3.11/dist-packages/mido/midifiles/midifiles.py\", line 133, in read_message\n","    return Message.from_bytes([status_byte] + data_bytes, time=delta)\n","           ^^^^^^^^^^^^^^^^^^^^^^^^^^^^^^^^^^^^^^^^^^^^^^^^^^^^^^^^^^\n","  File \"/usr/local/lib/python3.11/dist-packages/mido/messages/messages.py\", line 163, in from_bytes\n","    msgdict = decode_message(data, time=time)\n","              ^^^^^^^^^^^^^^^^^^^^^^^^^^^^^^^\n","  File \"/usr/local/lib/python3.11/dist-packages/mido/messages/decode.py\", line 111, in decode_message\n","    msg.update(_decode_data_bytes(status_byte, data, spec))\n","               ^^^^^^^^^^^^^^^^^^^^^^^^^^^^^^^^^^^^^^^^^^^\n","  File \"/usr/local/lib/python3.11/dist-packages/mido/messages/decode.py\", line 57, in _decode_data_bytes\n","    args = {name: value for name, value in zip(names, data)}\n","           ^^^^^^^^^^^^^^^^^^^^^^^^^^^^^^^^^^^^^^^^^^^^^^^^^\n","  File \"/usr/local/lib/python3.11/dist-packages/mido/messages/decode.py\", line 57, in <dictcomp>\n","    args = {name: value for name, value in zip(names, data)}\n","           ^^^^^^^^^^^^^^^^^^^^^^^^^^^^^^^^^^^^^^^^^^^^^^^^^\n","KeyboardInterrupt\n","\n","During handling of the above exception, another exception occurred:\n","\n","Traceback (most recent call last):\n","  File \"/usr/local/lib/python3.11/dist-packages/IPython/core/interactiveshell.py\", line 2099, in showtraceback\n","    stb = value._render_traceback_()\n","          ^^^^^^^^^^^^^^^^^^^^^^^^\n","AttributeError: 'KeyboardInterrupt' object has no attribute '_render_traceback_'\n","\n","During handling of the above exception, another exception occurred:\n","\n","Traceback (most recent call last):\n","  File \"/usr/local/lib/python3.11/dist-packages/IPython/core/ultratb.py\", line 1101, in get_records\n","    return _fixed_getinnerframes(etb, number_of_lines_of_context, tb_offset)\n","           ^^^^^^^^^^^^^^^^^^^^^^^^^^^^^^^^^^^^^^^^^^^^^^^^^^^^^^^^^^^^^^^^^\n","  File \"/usr/local/lib/python3.11/dist-packages/IPython/core/ultratb.py\", line 248, in wrapped\n","    return f(*args, **kwargs)\n","           ^^^^^^^^^^^^^^^^^^\n","  File \"/usr/local/lib/python3.11/dist-packages/IPython/core/ultratb.py\", line 281, in _fixed_getinnerframes\n","    records = fix_frame_records_filenames(inspect.getinnerframes(etb, context))\n","                                          ^^^^^^^^^^^^^^^^^^^^^^^^^^^^^^^^^^^^\n","  File \"/usr/lib/python3.11/inspect.py\", line 1739, in getinnerframes\n","    traceback_info = getframeinfo(tb, context)\n","                     ^^^^^^^^^^^^^^^^^^^^^^^^^\n","  File \"/usr/lib/python3.11/inspect.py\", line 1684, in getframeinfo\n","    filename = getsourcefile(frame) or getfile(frame)\n","               ^^^^^^^^^^^^^^^^^^^^\n","  File \"/usr/lib/python3.11/inspect.py\", line 948, in getsourcefile\n","    module = getmodule(object, filename)\n","             ^^^^^^^^^^^^^^^^^^^^^^^^^^^\n","  File \"/usr/lib/python3.11/inspect.py\", line 997, in getmodule\n","    os.path.realpath(f)] = module.__name__\n","    ^^^^^^^^^^^^^^^^^^^\n","  File \"<frozen posixpath>\", line 416, in realpath\n","  File \"<frozen posixpath>\", line 460, in _joinrealpath\n","KeyboardInterrupt\n"]},{"output_type":"error","ename":"TypeError","evalue":"object of type 'NoneType' has no len()","traceback":["\u001b[0;31m---------------------------------------------------------------------------\u001b[0m","\u001b[0;31mKeyboardInterrupt\u001b[0m                         Traceback (most recent call last)","    \u001b[0;31m[... skipping hidden 1 frame]\u001b[0m\n","\u001b[0;32m/tmp/ipython-input-1-705126364.py\u001b[0m in \u001b[0;36m<cell line: 0>\u001b[0;34m()\u001b[0m\n\u001b[1;32m     33\u001b[0m \u001b[0;32mfor\u001b[0m \u001b[0mmidi_path\u001b[0m \u001b[0;32min\u001b[0m \u001b[0mmidi_files\u001b[0m\u001b[0;34m:\u001b[0m\u001b[0;34m\u001b[0m\u001b[0;34m\u001b[0m\u001b[0m\n\u001b[0;32m---> 34\u001b[0;31m     \u001b[0moriginal\u001b[0m \u001b[0;34m=\u001b[0m \u001b[0mmidi_to_notes\u001b[0m\u001b[0;34m(\u001b[0m\u001b[0mmidi_path\u001b[0m\u001b[0;34m)\u001b[0m\u001b[0;34m\u001b[0m\u001b[0;34m\u001b[0m\u001b[0m\n\u001b[0m\u001b[1;32m     35\u001b[0m     \u001b[0mall_notes\u001b[0m \u001b[0;34m+=\u001b[0m \u001b[0moriginal\u001b[0m\u001b[0;34m\u001b[0m\u001b[0;34m\u001b[0m\u001b[0m\n","\u001b[0;32m/tmp/ipython-input-1-705126364.py\u001b[0m in \u001b[0;36mmidi_to_notes\u001b[0;34m(midi_file)\u001b[0m\n\u001b[1;32m     17\u001b[0m     \u001b[0;32mtry\u001b[0m\u001b[0;34m:\u001b[0m\u001b[0;34m\u001b[0m\u001b[0;34m\u001b[0m\u001b[0m\n\u001b[0;32m---> 18\u001b[0;31m         \u001b[0mmidi\u001b[0m \u001b[0;34m=\u001b[0m \u001b[0mpretty_midi\u001b[0m\u001b[0;34m.\u001b[0m\u001b[0mPrettyMIDI\u001b[0m\u001b[0;34m(\u001b[0m\u001b[0mmidi_file\u001b[0m\u001b[0;34m)\u001b[0m\u001b[0;34m\u001b[0m\u001b[0;34m\u001b[0m\u001b[0m\n\u001b[0m\u001b[1;32m     19\u001b[0m         \u001b[0mnotes\u001b[0m \u001b[0;34m=\u001b[0m \u001b[0;34m[\u001b[0m\u001b[0;34m]\u001b[0m\u001b[0;34m\u001b[0m\u001b[0;34m\u001b[0m\u001b[0m\n","\u001b[0;32m/usr/local/lib/python3.11/dist-packages/pretty_midi/pretty_midi.py\u001b[0m in \u001b[0;36m__init__\u001b[0;34m(self, midi_file, resolution, initial_tempo)\u001b[0m\n\u001b[1;32m     62\u001b[0m                 \u001b[0;31m# If a string was given, pass it as the string filename\u001b[0m\u001b[0;34m\u001b[0m\u001b[0;34m\u001b[0m\u001b[0m\n\u001b[0;32m---> 63\u001b[0;31m                 \u001b[0mmidi_data\u001b[0m \u001b[0;34m=\u001b[0m \u001b[0mmido\u001b[0m\u001b[0;34m.\u001b[0m\u001b[0mMidiFile\u001b[0m\u001b[0;34m(\u001b[0m\u001b[0mfilename\u001b[0m\u001b[0;34m=\u001b[0m\u001b[0mmidi_file\u001b[0m\u001b[0;34m)\u001b[0m\u001b[0;34m\u001b[0m\u001b[0;34m\u001b[0m\u001b[0m\n\u001b[0m\u001b[1;32m     64\u001b[0m             \u001b[0;32melse\u001b[0m\u001b[0;34m:\u001b[0m\u001b[0;34m\u001b[0m\u001b[0;34m\u001b[0m\u001b[0m\n","\u001b[0;32m/usr/local/lib/python3.11/dist-packages/mido/midifiles/midifiles.py\u001b[0m in \u001b[0;36m__init__\u001b[0;34m(self, filename, file, type, ticks_per_beat, charset, debug, clip, tracks)\u001b[0m\n\u001b[1;32m    319\u001b[0m             \u001b[0;32mwith\u001b[0m \u001b[0mopen\u001b[0m\u001b[0;34m(\u001b[0m\u001b[0mfilename\u001b[0m\u001b[0;34m,\u001b[0m \u001b[0;34m'rb'\u001b[0m\u001b[0;34m)\u001b[0m \u001b[0;32mas\u001b[0m \u001b[0mfile\u001b[0m\u001b[0;34m:\u001b[0m\u001b[0;34m\u001b[0m\u001b[0;34m\u001b[0m\u001b[0m\n\u001b[0;32m--> 320\u001b[0;31m                 \u001b[0mself\u001b[0m\u001b[0;34m.\u001b[0m\u001b[0m_load\u001b[0m\u001b[0;34m(\u001b[0m\u001b[0mfile\u001b[0m\u001b[0;34m)\u001b[0m\u001b[0;34m\u001b[0m\u001b[0;34m\u001b[0m\u001b[0m\n\u001b[0m\u001b[1;32m    321\u001b[0m \u001b[0;34m\u001b[0m\u001b[0m\n","\u001b[0;32m/usr/local/lib/python3.11/dist-packages/mido/midifiles/midifiles.py\u001b[0m in \u001b[0;36m_load\u001b[0;34m(self, infile)\u001b[0m\n\u001b[1;32m    370\u001b[0m \u001b[0;34m\u001b[0m\u001b[0m\n\u001b[0;32m--> 371\u001b[0;31m                 self.tracks.append(read_track(infile,\n\u001b[0m\u001b[1;32m    372\u001b[0m                                               \u001b[0mdebug\u001b[0m\u001b[0;34m=\u001b[0m\u001b[0mself\u001b[0m\u001b[0;34m.\u001b[0m\u001b[0mdebug\u001b[0m\u001b[0;34m,\u001b[0m\u001b[0;34m\u001b[0m\u001b[0;34m\u001b[0m\u001b[0m\n","\u001b[0;32m/usr/local/lib/python3.11/dist-packages/mido/midifiles/midifiles.py\u001b[0m in \u001b[0;36mread_track\u001b[0;34m(infile, debug, clip)\u001b[0m\n\u001b[1;32m    217\u001b[0m         \u001b[0;32melse\u001b[0m\u001b[0;34m:\u001b[0m\u001b[0;34m\u001b[0m\u001b[0;34m\u001b[0m\u001b[0m\n\u001b[0;32m--> 218\u001b[0;31m             \u001b[0mmsg\u001b[0m \u001b[0;34m=\u001b[0m \u001b[0mread_message\u001b[0m\u001b[0;34m(\u001b[0m\u001b[0minfile\u001b[0m\u001b[0;34m,\u001b[0m \u001b[0mstatus_byte\u001b[0m\u001b[0;34m,\u001b[0m \u001b[0mpeek_data\u001b[0m\u001b[0;34m,\u001b[0m \u001b[0mdelta\u001b[0m\u001b[0;34m,\u001b[0m \u001b[0mclip\u001b[0m\u001b[0;34m)\u001b[0m\u001b[0;34m\u001b[0m\u001b[0;34m\u001b[0m\u001b[0m\n\u001b[0m\u001b[1;32m    219\u001b[0m \u001b[0;34m\u001b[0m\u001b[0m\n","\u001b[0;32m/usr/local/lib/python3.11/dist-packages/mido/midifiles/midifiles.py\u001b[0m in \u001b[0;36mread_message\u001b[0;34m(infile, status_byte, peek_data, delta, clip)\u001b[0m\n\u001b[1;32m    132\u001b[0m \u001b[0;34m\u001b[0m\u001b[0m\n\u001b[0;32m--> 133\u001b[0;31m     \u001b[0;32mreturn\u001b[0m \u001b[0mMessage\u001b[0m\u001b[0;34m.\u001b[0m\u001b[0mfrom_bytes\u001b[0m\u001b[0;34m(\u001b[0m\u001b[0;34m[\u001b[0m\u001b[0mstatus_byte\u001b[0m\u001b[0;34m]\u001b[0m \u001b[0;34m+\u001b[0m \u001b[0mdata_bytes\u001b[0m\u001b[0;34m,\u001b[0m \u001b[0mtime\u001b[0m\u001b[0;34m=\u001b[0m\u001b[0mdelta\u001b[0m\u001b[0;34m)\u001b[0m\u001b[0;34m\u001b[0m\u001b[0;34m\u001b[0m\u001b[0m\n\u001b[0m\u001b[1;32m    134\u001b[0m \u001b[0;34m\u001b[0m\u001b[0m\n","\u001b[0;32m/usr/local/lib/python3.11/dist-packages/mido/messages/messages.py\u001b[0m in \u001b[0;36mfrom_bytes\u001b[0;34m(cl, data, time)\u001b[0m\n\u001b[1;32m    162\u001b[0m         \u001b[0mmsg\u001b[0m \u001b[0;34m=\u001b[0m \u001b[0mcl\u001b[0m\u001b[0;34m.\u001b[0m\u001b[0m__new__\u001b[0m\u001b[0;34m(\u001b[0m\u001b[0mcl\u001b[0m\u001b[0;34m)\u001b[0m\u001b[0;34m\u001b[0m\u001b[0;34m\u001b[0m\u001b[0m\n\u001b[0;32m--> 163\u001b[0;31m         \u001b[0mmsgdict\u001b[0m \u001b[0;34m=\u001b[0m \u001b[0mdecode_message\u001b[0m\u001b[0;34m(\u001b[0m\u001b[0mdata\u001b[0m\u001b[0;34m,\u001b[0m \u001b[0mtime\u001b[0m\u001b[0;34m=\u001b[0m\u001b[0mtime\u001b[0m\u001b[0;34m)\u001b[0m\u001b[0;34m\u001b[0m\u001b[0;34m\u001b[0m\u001b[0m\n\u001b[0m\u001b[1;32m    164\u001b[0m         \u001b[0;32mif\u001b[0m \u001b[0;34m'data'\u001b[0m \u001b[0;32min\u001b[0m \u001b[0mmsgdict\u001b[0m\u001b[0;34m:\u001b[0m\u001b[0;34m\u001b[0m\u001b[0;34m\u001b[0m\u001b[0m\n","\u001b[0;32m/usr/local/lib/python3.11/dist-packages/mido/messages/decode.py\u001b[0m in \u001b[0;36mdecode_message\u001b[0;34m(msg_bytes, time, check)\u001b[0m\n\u001b[1;32m    110\u001b[0m     \u001b[0;32melse\u001b[0m\u001b[0;34m:\u001b[0m\u001b[0;34m\u001b[0m\u001b[0;34m\u001b[0m\u001b[0m\n\u001b[0;32m--> 111\u001b[0;31m         \u001b[0mmsg\u001b[0m\u001b[0;34m.\u001b[0m\u001b[0mupdate\u001b[0m\u001b[0;34m(\u001b[0m\u001b[0m_decode_data_bytes\u001b[0m\u001b[0;34m(\u001b[0m\u001b[0mstatus_byte\u001b[0m\u001b[0;34m,\u001b[0m \u001b[0mdata\u001b[0m\u001b[0;34m,\u001b[0m \u001b[0mspec\u001b[0m\u001b[0;34m)\u001b[0m\u001b[0;34m)\u001b[0m\u001b[0;34m\u001b[0m\u001b[0;34m\u001b[0m\u001b[0m\n\u001b[0m\u001b[1;32m    112\u001b[0m \u001b[0;34m\u001b[0m\u001b[0m\n","\u001b[0;32m/usr/local/lib/python3.11/dist-packages/mido/messages/decode.py\u001b[0m in \u001b[0;36m_decode_data_bytes\u001b[0;34m(status_byte, data, spec)\u001b[0m\n\u001b[1;32m     56\u001b[0m     \u001b[0mnames\u001b[0m \u001b[0;34m=\u001b[0m \u001b[0;34m[\u001b[0m\u001b[0mname\u001b[0m \u001b[0;32mfor\u001b[0m \u001b[0mname\u001b[0m \u001b[0;32min\u001b[0m \u001b[0mspec\u001b[0m\u001b[0;34m[\u001b[0m\u001b[0;34m'value_names'\u001b[0m\u001b[0;34m]\u001b[0m \u001b[0;32mif\u001b[0m \u001b[0mname\u001b[0m \u001b[0;34m!=\u001b[0m \u001b[0;34m'channel'\u001b[0m\u001b[0;34m]\u001b[0m\u001b[0;34m\u001b[0m\u001b[0;34m\u001b[0m\u001b[0m\n\u001b[0;32m---> 57\u001b[0;31m     \u001b[0margs\u001b[0m \u001b[0;34m=\u001b[0m \u001b[0;34m{\u001b[0m\u001b[0mname\u001b[0m\u001b[0;34m:\u001b[0m \u001b[0mvalue\u001b[0m \u001b[0;32mfor\u001b[0m \u001b[0mname\u001b[0m\u001b[0;34m,\u001b[0m \u001b[0mvalue\u001b[0m \u001b[0;32min\u001b[0m \u001b[0mzip\u001b[0m\u001b[0;34m(\u001b[0m\u001b[0mnames\u001b[0m\u001b[0;34m,\u001b[0m \u001b[0mdata\u001b[0m\u001b[0;34m)\u001b[0m\u001b[0;34m}\u001b[0m\u001b[0;34m\u001b[0m\u001b[0;34m\u001b[0m\u001b[0m\n\u001b[0m\u001b[1;32m     58\u001b[0m \u001b[0;34m\u001b[0m\u001b[0m\n","\u001b[0;32m/usr/local/lib/python3.11/dist-packages/mido/messages/decode.py\u001b[0m in \u001b[0;36m<dictcomp>\u001b[0;34m(.0)\u001b[0m\n\u001b[1;32m     56\u001b[0m     \u001b[0mnames\u001b[0m \u001b[0;34m=\u001b[0m \u001b[0;34m[\u001b[0m\u001b[0mname\u001b[0m \u001b[0;32mfor\u001b[0m \u001b[0mname\u001b[0m \u001b[0;32min\u001b[0m \u001b[0mspec\u001b[0m\u001b[0;34m[\u001b[0m\u001b[0;34m'value_names'\u001b[0m\u001b[0;34m]\u001b[0m \u001b[0;32mif\u001b[0m \u001b[0mname\u001b[0m \u001b[0;34m!=\u001b[0m \u001b[0;34m'channel'\u001b[0m\u001b[0;34m]\u001b[0m\u001b[0;34m\u001b[0m\u001b[0;34m\u001b[0m\u001b[0m\n\u001b[0;32m---> 57\u001b[0;31m     \u001b[0margs\u001b[0m \u001b[0;34m=\u001b[0m \u001b[0;34m{\u001b[0m\u001b[0mname\u001b[0m\u001b[0;34m:\u001b[0m \u001b[0mvalue\u001b[0m \u001b[0;32mfor\u001b[0m \u001b[0mname\u001b[0m\u001b[0;34m,\u001b[0m \u001b[0mvalue\u001b[0m \u001b[0;32min\u001b[0m \u001b[0mzip\u001b[0m\u001b[0;34m(\u001b[0m\u001b[0mnames\u001b[0m\u001b[0;34m,\u001b[0m \u001b[0mdata\u001b[0m\u001b[0;34m)\u001b[0m\u001b[0;34m}\u001b[0m\u001b[0;34m\u001b[0m\u001b[0;34m\u001b[0m\u001b[0m\n\u001b[0m\u001b[1;32m     58\u001b[0m \u001b[0;34m\u001b[0m\u001b[0m\n","\u001b[0;31mKeyboardInterrupt\u001b[0m: ","\nDuring handling of the above exception, another exception occurred:\n","\u001b[0;31mAttributeError\u001b[0m                            Traceback (most recent call last)","\u001b[0;32m/usr/local/lib/python3.11/dist-packages/IPython/core/interactiveshell.py\u001b[0m in \u001b[0;36mshowtraceback\u001b[0;34m(self, exc_tuple, filename, tb_offset, exception_only, running_compiled_code)\u001b[0m\n\u001b[1;32m   2098\u001b[0m                         \u001b[0;31m# in the engines. This should return a list of strings.\u001b[0m\u001b[0;34m\u001b[0m\u001b[0;34m\u001b[0m\u001b[0m\n\u001b[0;32m-> 2099\u001b[0;31m                         \u001b[0mstb\u001b[0m \u001b[0;34m=\u001b[0m \u001b[0mvalue\u001b[0m\u001b[0;34m.\u001b[0m\u001b[0m_render_traceback_\u001b[0m\u001b[0;34m(\u001b[0m\u001b[0;34m)\u001b[0m\u001b[0;34m\u001b[0m\u001b[0;34m\u001b[0m\u001b[0m\n\u001b[0m\u001b[1;32m   2100\u001b[0m                     \u001b[0;32mexcept\u001b[0m \u001b[0mException\u001b[0m\u001b[0;34m:\u001b[0m\u001b[0;34m\u001b[0m\u001b[0;34m\u001b[0m\u001b[0m\n","\u001b[0;31mAttributeError\u001b[0m: 'KeyboardInterrupt' object has no attribute '_render_traceback_'","\nDuring handling of the above exception, another exception occurred:\n","\u001b[0;31mTypeError\u001b[0m                                 Traceback (most recent call last)","    \u001b[0;31m[... skipping hidden 1 frame]\u001b[0m\n","\u001b[0;32m/usr/local/lib/python3.11/dist-packages/IPython/core/interactiveshell.py\u001b[0m in \u001b[0;36mshowtraceback\u001b[0;34m(self, exc_tuple, filename, tb_offset, exception_only, running_compiled_code)\u001b[0m\n\u001b[1;32m   2099\u001b[0m                         \u001b[0mstb\u001b[0m \u001b[0;34m=\u001b[0m \u001b[0mvalue\u001b[0m\u001b[0;34m.\u001b[0m\u001b[0m_render_traceback_\u001b[0m\u001b[0;34m(\u001b[0m\u001b[0;34m)\u001b[0m\u001b[0;34m\u001b[0m\u001b[0;34m\u001b[0m\u001b[0m\n\u001b[1;32m   2100\u001b[0m                     \u001b[0;32mexcept\u001b[0m \u001b[0mException\u001b[0m\u001b[0;34m:\u001b[0m\u001b[0;34m\u001b[0m\u001b[0;34m\u001b[0m\u001b[0m\n\u001b[0;32m-> 2101\u001b[0;31m                         stb = self.InteractiveTB.structured_traceback(etype,\n\u001b[0m\u001b[1;32m   2102\u001b[0m                                             value, tb, tb_offset=tb_offset)\n\u001b[1;32m   2103\u001b[0m \u001b[0;34m\u001b[0m\u001b[0m\n","\u001b[0;32m/usr/local/lib/python3.11/dist-packages/IPython/core/ultratb.py\u001b[0m in \u001b[0;36mstructured_traceback\u001b[0;34m(self, etype, value, tb, tb_offset, number_of_lines_of_context)\u001b[0m\n\u001b[1;32m   1365\u001b[0m         \u001b[0;32melse\u001b[0m\u001b[0;34m:\u001b[0m\u001b[0;34m\u001b[0m\u001b[0;34m\u001b[0m\u001b[0m\n\u001b[1;32m   1366\u001b[0m             \u001b[0mself\u001b[0m\u001b[0;34m.\u001b[0m\u001b[0mtb\u001b[0m \u001b[0;34m=\u001b[0m \u001b[0mtb\u001b[0m\u001b[0;34m\u001b[0m\u001b[0;34m\u001b[0m\u001b[0m\n\u001b[0;32m-> 1367\u001b[0;31m         return FormattedTB.structured_traceback(\n\u001b[0m\u001b[1;32m   1368\u001b[0m             self, etype, value, tb, tb_offset, number_of_lines_of_context)\n\u001b[1;32m   1369\u001b[0m \u001b[0;34m\u001b[0m\u001b[0m\n","\u001b[0;32m/usr/local/lib/python3.11/dist-packages/IPython/core/ultratb.py\u001b[0m in \u001b[0;36mstructured_traceback\u001b[0;34m(self, etype, value, tb, tb_offset, number_of_lines_of_context)\u001b[0m\n\u001b[1;32m   1265\u001b[0m         \u001b[0;32mif\u001b[0m \u001b[0mmode\u001b[0m \u001b[0;32min\u001b[0m \u001b[0mself\u001b[0m\u001b[0;34m.\u001b[0m\u001b[0mverbose_modes\u001b[0m\u001b[0;34m:\u001b[0m\u001b[0;34m\u001b[0m\u001b[0;34m\u001b[0m\u001b[0m\n\u001b[1;32m   1266\u001b[0m             \u001b[0;31m# Verbose modes need a full traceback\u001b[0m\u001b[0;34m\u001b[0m\u001b[0;34m\u001b[0m\u001b[0m\n\u001b[0;32m-> 1267\u001b[0;31m             return VerboseTB.structured_traceback(\n\u001b[0m\u001b[1;32m   1268\u001b[0m                 \u001b[0mself\u001b[0m\u001b[0;34m,\u001b[0m \u001b[0metype\u001b[0m\u001b[0;34m,\u001b[0m \u001b[0mvalue\u001b[0m\u001b[0;34m,\u001b[0m \u001b[0mtb\u001b[0m\u001b[0;34m,\u001b[0m \u001b[0mtb_offset\u001b[0m\u001b[0;34m,\u001b[0m \u001b[0mnumber_of_lines_of_context\u001b[0m\u001b[0;34m\u001b[0m\u001b[0;34m\u001b[0m\u001b[0m\n\u001b[1;32m   1269\u001b[0m             )\n","\u001b[0;32m/usr/local/lib/python3.11/dist-packages/IPython/core/ultratb.py\u001b[0m in \u001b[0;36mstructured_traceback\u001b[0;34m(self, etype, evalue, etb, tb_offset, number_of_lines_of_context)\u001b[0m\n\u001b[1;32m   1122\u001b[0m         \u001b[0;34m\"\"\"Return a nice text document describing the traceback.\"\"\"\u001b[0m\u001b[0;34m\u001b[0m\u001b[0;34m\u001b[0m\u001b[0m\n\u001b[1;32m   1123\u001b[0m \u001b[0;34m\u001b[0m\u001b[0m\n\u001b[0;32m-> 1124\u001b[0;31m         formatted_exception = self.format_exception_as_a_whole(etype, evalue, etb, number_of_lines_of_context,\n\u001b[0m\u001b[1;32m   1125\u001b[0m                                                                tb_offset)\n\u001b[1;32m   1126\u001b[0m \u001b[0;34m\u001b[0m\u001b[0m\n","\u001b[0;32m/usr/local/lib/python3.11/dist-packages/IPython/core/ultratb.py\u001b[0m in \u001b[0;36mformat_exception_as_a_whole\u001b[0;34m(self, etype, evalue, etb, number_of_lines_of_context, tb_offset)\u001b[0m\n\u001b[1;32m   1080\u001b[0m \u001b[0;34m\u001b[0m\u001b[0m\n\u001b[1;32m   1081\u001b[0m \u001b[0;34m\u001b[0m\u001b[0m\n\u001b[0;32m-> 1082\u001b[0;31m         \u001b[0mlast_unique\u001b[0m\u001b[0;34m,\u001b[0m \u001b[0mrecursion_repeat\u001b[0m \u001b[0;34m=\u001b[0m \u001b[0mfind_recursion\u001b[0m\u001b[0;34m(\u001b[0m\u001b[0morig_etype\u001b[0m\u001b[0;34m,\u001b[0m \u001b[0mevalue\u001b[0m\u001b[0;34m,\u001b[0m \u001b[0mrecords\u001b[0m\u001b[0;34m)\u001b[0m\u001b[0;34m\u001b[0m\u001b[0;34m\u001b[0m\u001b[0m\n\u001b[0m\u001b[1;32m   1083\u001b[0m \u001b[0;34m\u001b[0m\u001b[0m\n\u001b[1;32m   1084\u001b[0m         \u001b[0mframes\u001b[0m \u001b[0;34m=\u001b[0m \u001b[0mself\u001b[0m\u001b[0;34m.\u001b[0m\u001b[0mformat_records\u001b[0m\u001b[0;34m(\u001b[0m\u001b[0mrecords\u001b[0m\u001b[0;34m,\u001b[0m \u001b[0mlast_unique\u001b[0m\u001b[0;34m,\u001b[0m \u001b[0mrecursion_repeat\u001b[0m\u001b[0;34m)\u001b[0m\u001b[0;34m\u001b[0m\u001b[0;34m\u001b[0m\u001b[0m\n","\u001b[0;32m/usr/local/lib/python3.11/dist-packages/IPython/core/ultratb.py\u001b[0m in \u001b[0;36mfind_recursion\u001b[0;34m(etype, value, records)\u001b[0m\n\u001b[1;32m    380\u001b[0m     \u001b[0;31m# first frame (from in to out) that looks different.\u001b[0m\u001b[0;34m\u001b[0m\u001b[0;34m\u001b[0m\u001b[0m\n\u001b[1;32m    381\u001b[0m     \u001b[0;32mif\u001b[0m \u001b[0;32mnot\u001b[0m \u001b[0mis_recursion_error\u001b[0m\u001b[0;34m(\u001b[0m\u001b[0metype\u001b[0m\u001b[0;34m,\u001b[0m \u001b[0mvalue\u001b[0m\u001b[0;34m,\u001b[0m \u001b[0mrecords\u001b[0m\u001b[0;34m)\u001b[0m\u001b[0;34m:\u001b[0m\u001b[0;34m\u001b[0m\u001b[0;34m\u001b[0m\u001b[0m\n\u001b[0;32m--> 382\u001b[0;31m         \u001b[0;32mreturn\u001b[0m \u001b[0mlen\u001b[0m\u001b[0;34m(\u001b[0m\u001b[0mrecords\u001b[0m\u001b[0;34m)\u001b[0m\u001b[0;34m,\u001b[0m \u001b[0;36m0\u001b[0m\u001b[0;34m\u001b[0m\u001b[0;34m\u001b[0m\u001b[0m\n\u001b[0m\u001b[1;32m    383\u001b[0m \u001b[0;34m\u001b[0m\u001b[0m\n\u001b[1;32m    384\u001b[0m     \u001b[0;31m# Select filename, lineno, func_name to track frames with\u001b[0m\u001b[0;34m\u001b[0m\u001b[0;34m\u001b[0m\u001b[0m\n","\u001b[0;31mTypeError\u001b[0m: object of type 'NoneType' has no len()"]}]},{"cell_type":"code","source":["from google.colab import drive\n","drive.mount('/content/drive')\n"],"metadata":{"colab":{"base_uri":"https://localhost:8080/"},"id":"Pi_fb-eDHGmm","executionInfo":{"status":"ok","timestamp":1753676025995,"user_tz":240,"elapsed":619,"user":{"displayName":"Aarush Kumar","userId":"16118659533235147067"}},"outputId":"34b2d236-e861-450d-ec77-a89bce607fc7"},"execution_count":null,"outputs":[{"output_type":"stream","name":"stdout","text":["Drive already mounted at /content/drive; to attempt to forcibly remount, call drive.mount(\"/content/drive\", force_remount=True).\n"]}]},{"cell_type":"code","source":["pip install pretty_midi"],"metadata":{"colab":{"base_uri":"https://localhost:8080/"},"id":"Spkw7lwyGz1P","executionInfo":{"status":"ok","timestamp":1753676023520,"user_tz":240,"elapsed":9953,"user":{"displayName":"Aarush Kumar","userId":"16118659533235147067"}},"outputId":"840c29f9-3dd3-4c68-f0cc-4d38d3382317"},"execution_count":null,"outputs":[{"output_type":"stream","name":"stdout","text":["Requirement already satisfied: pretty_midi in /usr/local/lib/python3.11/dist-packages (0.2.10)\n","Requirement already satisfied: numpy>=1.7.0 in /usr/local/lib/python3.11/dist-packages (from pretty_midi) (2.0.2)\n","Requirement already satisfied: mido>=1.1.16 in /usr/local/lib/python3.11/dist-packages (from pretty_midi) (1.3.3)\n","Requirement already satisfied: six in /usr/local/lib/python3.11/dist-packages (from pretty_midi) (1.17.0)\n","Requirement already satisfied: packaging in /usr/local/lib/python3.11/dist-packages (from mido>=1.1.16->pretty_midi) (25.0)\n"]}]}]}